Command line:
   tb_isim_beh.exe
     -simmode  gui
     -simrunnum  0
     -socket  60027

Wed Oct 05 16:47:44 2022


 Elaboration Time: 0.015625 sec

 Current Memory Usage: 843.198 Meg

 Total Signals          : 18
 Total Nets             : 24
 Total Signal Drivers   : 9
 Total Blocks           : 3
 Total Primitive Blocks : 2
 Total Processes        : 14
 Total Traceable Variables  : 23
 Total Scalar Nets and Variables : 117
Total Line Count : 86

 Total Simulation Time: 0.078125 sec

 Current Memory Usage: 685.65 Meg

Wed Oct 05 16:49:30 2022

