Command line:
   ext_isim_beh.exe
     -simmode  gui
     -simrunnum  0
     -socket  50565

Wed Oct 05 11:16:32 2022


 Elaboration Time: 0.03125 sec

 Current Memory Usage: 842.736 Meg

 Total Signals          : 16
 Total Nets             : 63
 Total Signal Drivers   : 6
 Total Blocks           : 2
 Total Primitive Blocks : 2
 Total Processes        : 7
 Total Traceable Variables  : 18
 Total Scalar Nets and Variables : 143
Total Line Count : 15

 Total Simulation Time: 0.03125 sec

 Current Memory Usage: 842.736 Meg

Wed Oct 05 11:16:34 2022

