Command line:
   tb_isim_beh.exe
     -simmode  gui
     -simrunnum  0
     -socket  49773

Wed Oct 05 07:30:32 2022


 Elaboration Time: 0.078125 sec

 Current Memory Usage: 843.846 Meg

 Total Signals          : 22
 Total Nets             : 77
 Total Signal Drivers   : 10
 Total Blocks           : 3
 Total Primitive Blocks : 2
 Total Processes        : 12
 Total Traceable Variables  : 19
 Total Scalar Nets and Variables : 189
Total Line Count : 21

 Total Simulation Time: 0.125 sec

 Current Memory Usage: 686.297 Meg

Wed Oct 05 07:31:57 2022

