ISim log file
Running: C:\Users\1\Desktop\CO\P1\NEW\drink\tb_isim_beh.exe -intstyle ise -gui -tclbatch isim.cmd -wdb C:/Users/1/Desktop/CO/P1/NEW/drink/tb_isim_beh.wdb 
ISim P.20131013 (signature 0x8ef4fb42)
WARNING: A WEBPACK license was found.
WARNING: Please use Xilinx License Configuration Manager to check out a full ISim license.
WARNING: ISim will run in Lite mode. Please refer to the ISim documentation for more information on the differences between the Lite and the Full version.
This is a Lite version of ISim.
Time resolution is 1 ps
# onerror resume
# wave add /
# run 1000 ns
Simulator is doing circuit initialization process.
Finished circuit initialization process.
# restart
# step
Simulator is doing circuit initialization process.
Stopped at time : 0 fs : File "C:/Users/1/Desktop/CO/P1/NEW/drink/drink.v" Line 41
# step
Stopped at time : 0 fs : File "C:/Users/1/Desktop/CO/P1/NEW/drink/drink.v" Line 141
# step
Stopped at time : 0 fs : File "C:/Users/1/Desktop/CO/P1/NEW/drink/drink.v" Line 142
# step
Stopped at time : 0 fs : File "C:/Xilinx/14.7/ISE_DS/ISE/verilog/src/glbl.v" Line 16
# step
Stopped at time : 0 fs : File "C:/Xilinx/14.7/ISE_DS/ISE/verilog/src/glbl.v" Line 48
# step
Stopped at time : 0 fs : File "C:/Xilinx/14.7/ISE_DS/ISE/verilog/src/glbl.v" Line 49
# step
Stopped at time : 0 fs : File "C:/Xilinx/14.7/ISE_DS/ISE/verilog/src/glbl.v" Line 50
# step
Stopped at time : 0 fs : File "C:/Users/1/Desktop/CO/P1/NEW/drink/drink.v" Line 36
# step
Stopped at time : 0 fs : File "C:/Users/1/Desktop/CO/P1/NEW/drink/drink.v" Line 37
# step
Stopped at time : 0 fs : File "C:/Users/1/Desktop/CO/P1/NEW/drink/drink.v" Line 38
# step
Stopped at time : 0 fs : File "C:/Users/1/Desktop/CO/P1/NEW/drink/drink.v" Line 39
# step
Stopped at time : 0 fs : File "C:/Users/1/Desktop/CO/P1/NEW/drink/tb.v" Line 45
# step
Stopped at time : 0 fs : File "C:/Users/1/Desktop/CO/P1/NEW/drink/tb.v" Line 47
# step
Stopped at time : 0 fs : File "C:/Users/1/Desktop/CO/P1/NEW/drink/tb.v" Line 48
# step
Stopped at time : 0 fs : File "C:/Users/1/Desktop/CO/P1/NEW/drink/tb.v" Line 49
# step
Stopped at time : 0 fs : File "C:/Users/1/Desktop/CO/P1/NEW/drink/tb.v" Line 50
# step
Stopped at time : 0 fs : File "C:/Users/1/Desktop/CO/P1/NEW/drink/tb.v" Line 51
# step
Stopped at time : 0 fs : File "C:/Users/1/Desktop/CO/P1/NEW/drink/tb.v" Line 62
# step
Stopped at time : 0 fs : File "C:/Xilinx/14.7/ISE_DS/ISE/verilog/src/glbl.v" Line 52
# step
Stopped at time : 0 fs : File "C:/Xilinx/14.7/ISE_DS/ISE/verilog/src/glbl.v" Line 53
# step
Stopped at time : 0 fs : File "C:/Xilinx/14.7/ISE_DS/ISE/verilog/src/glbl.v" Line 54
# step
Stopped at time : 0 fs : File "C:/Xilinx/14.7/ISE_DS/ISE/verilog/src/glbl.v" Line 55
# step
Stopped at time : 0 fs : File "C:/Xilinx/14.7/ISE_DS/ISE/verilog/src/glbl.v" Line 60
# step
Stopped at time : 0 fs : File "C:/Xilinx/14.7/ISE_DS/ISE/verilog/src/glbl.v" Line 61
# step
Stopped at time : 0 fs : File "C:/Xilinx/14.7/ISE_DS/ISE/verilog/src/glbl.v" Line 62
# step
Stopped at time : 0 fs : File "C:/Xilinx/14.7/ISE_DS/ISE/verilog/src/glbl.v" Line 16
# step
Stopped at time : 0 fs : File "C:/Users/1/Desktop/CO/P1/NEW/drink/drink.v" Line 141
# step
Stopped at time : 0 fs : File "C:/Users/1/Desktop/CO/P1/NEW/drink/drink.v" Line 142
# step
Stopped at time : 0 fs : File "C:/Xilinx/14.7/ISE_DS/ISE/verilog/src/glbl.v" Line 48
# step
Stopped at time : 0 fs : File "C:/Xilinx/14.7/ISE_DS/ISE/verilog/src/glbl.v" Line 50
# step
Stopped at time : 0 fs : File "C:/Xilinx/14.7/ISE_DS/ISE/verilog/src/glbl.v" Line 49
# step
Finished circuit initialization process.
Stopped at time : 0 fs : File "C:/Xilinx/14.7/ISE_DS/ISE/verilog/src/glbl.v" Line 63
# step
Stopped at time : 0 fs : File "C:/Xilinx/14.7/ISE_DS/ISE/verilog/src/glbl.v" Line 49
# step
Stopped at time : 5 ns : File "C:/Users/1/Desktop/CO/P1/NEW/drink/tb.v" Line 51
# step
Stopped at time : 5 ns : File "C:/Users/1/Desktop/CO/P1/NEW/drink/tb.v" Line 52
# step
Stopped at time : 5 ns : File "C:/Users/1/Desktop/CO/P1/NEW/drink/tb.v" Line 62
# step
Stopped at time : 5 ns : File "C:/Users/1/Desktop/CO/P1/NEW/drink/tb.v" Line 62
# step
Stopped at time : 5 ns : File "C:/Users/1/Desktop/CO/P1/NEW/drink/drink.v" Line 41
# step
Stopped at time : 5 ns : File "C:/Users/1/Desktop/CO/P1/NEW/drink/drink.v" Line 42
# step
Stopped at time : 5 ns : File "C:/Users/1/Desktop/CO/P1/NEW/drink/drink.v" Line 47
# step
Stopped at time : 5 ns : File "C:/Users/1/Desktop/CO/P1/NEW/drink/drink.v" Line 48
# step
Stopped at time : 5 ns : File "C:/Users/1/Desktop/CO/P1/NEW/drink/drink.v" Line 49
# step
Stopped at time : 5 ns : File "C:/Users/1/Desktop/CO/P1/NEW/drink/drink.v" Line 50
# step
Stopped at time : 5 ns : File "C:/Users/1/Desktop/CO/P1/NEW/drink/drink.v" Line 51
# step
Stopped at time : 5 ns : File "C:/Users/1/Desktop/CO/P1/NEW/drink/drink.v" Line 51
# step
Stopped at time : 5 ns : File "C:/Users/1/Desktop/CO/P1/NEW/drink/drink.v" Line 52
# step
Stopped at time : 5 ns : File "C:/Users/1/Desktop/CO/P1/NEW/drink/drink.v" Line 41
# step
Stopped at time : 10 ns : File "C:/Users/1/Desktop/CO/P1/NEW/drink/tb.v" Line 52
# step
Stopped at time : 10 ns : File "C:/Users/1/Desktop/CO/P1/NEW/drink/tb.v" Line 53
# step
Stopped at time : 10 ns : File "C:/Users/1/Desktop/CO/P1/NEW/drink/tb.v" Line 62
# step
Stopped at time : 10 ns : File "C:/Users/1/Desktop/CO/P1/NEW/drink/tb.v" Line 62
# step
Stopped at time : 15 ns : File "C:/Users/1/Desktop/CO/P1/NEW/drink/tb.v" Line 53
# step
Stopped at time : 15 ns : File "C:/Users/1/Desktop/CO/P1/NEW/drink/tb.v" Line 54
# step
Stopped at time : 15 ns : File "C:/Users/1/Desktop/CO/P1/NEW/drink/tb.v" Line 62
# step
Stopped at time : 15 ns : File "C:/Users/1/Desktop/CO/P1/NEW/drink/tb.v" Line 62
# step
Stopped at time : 15 ns : File "C:/Users/1/Desktop/CO/P1/NEW/drink/drink.v" Line 41
# step
Stopped at time : 15 ns : File "C:/Users/1/Desktop/CO/P1/NEW/drink/drink.v" Line 42
# step
Stopped at time : 15 ns : File "C:/Users/1/Desktop/CO/P1/NEW/drink/drink.v" Line 47
# step
Stopped at time : 15 ns : File "C:/Users/1/Desktop/CO/P1/NEW/drink/drink.v" Line 48
# step
Stopped at time : 15 ns : File "C:/Users/1/Desktop/CO/P1/NEW/drink/drink.v" Line 49
# step
Stopped at time : 15 ns : File "C:/Users/1/Desktop/CO/P1/NEW/drink/drink.v" Line 50
# step
Stopped at time : 15 ns : File "C:/Users/1/Desktop/CO/P1/NEW/drink/drink.v" Line 51
# step
Stopped at time : 15 ns : File "C:/Users/1/Desktop/CO/P1/NEW/drink/drink.v" Line 54
# step
Stopped at time : 15 ns : File "C:/Users/1/Desktop/CO/P1/NEW/drink/drink.v" Line 57
# step
Stopped at time : 15 ns : File "C:/Users/1/Desktop/CO/P1/NEW/drink/drink.v" Line 57
# step
Stopped at time : 15 ns : File "C:/Users/1/Desktop/CO/P1/NEW/drink/drink.v" Line 58
# step
Stopped at time : 15 ns : File "C:/Users/1/Desktop/CO/P1/NEW/drink/drink.v" Line 41
# step
Stopped at time : 20 ns : File "C:/Users/1/Desktop/CO/P1/NEW/drink/tb.v" Line 54
# step
Stopped at time : 20 ns : File "C:/Users/1/Desktop/CO/P1/NEW/drink/tb.v" Line 55
# step
Stopped at time : 20 ns : File "C:/Users/1/Desktop/CO/P1/NEW/drink/tb.v" Line 62
# step
Stopped at time : 20 ns : File "C:/Users/1/Desktop/CO/P1/NEW/drink/tb.v" Line 62
# step
Stopped at time : 25 ns : File "C:/Users/1/Desktop/CO/P1/NEW/drink/tb.v" Line 55
# step
Stopped at time : 25 ns : File "C:/Users/1/Desktop/CO/P1/NEW/drink/tb.v" Line 56
# step
Stopped at time : 25 ns : File "C:/Users/1/Desktop/CO/P1/NEW/drink/tb.v" Line 62
# step
Stopped at time : 25 ns : File "C:/Users/1/Desktop/CO/P1/NEW/drink/tb.v" Line 62
# restart
ISim P.20131013 (signature 0x8ef4fb42)
WARNING: A WEBPACK license was found.
WARNING: Please use Xilinx License Configuration Manager to check out a full ISim license.
WARNING: ISim will run in Lite mode. Please refer to the ISim documentation for more information on the differences between the Lite and the Full version.
This is a Lite version of ISim.
# run 1000 ns
Simulator is doing circuit initialization process.
Finished circuit initialization process.
ISim P.20131013 (signature 0x8ef4fb42)
WARNING: A WEBPACK license was found.
WARNING: Please use Xilinx License Configuration Manager to check out a full ISim license.
WARNING: ISim will run in Lite mode. Please refer to the ISim documentation for more information on the differences between the Lite and the Full version.
This is a Lite version of ISim.
# run 1000 ns
Simulator is doing circuit initialization process.
Finished circuit initialization process.
ISim P.20131013 (signature 0x8ef4fb42)
WARNING: A WEBPACK license was found.
WARNING: Please use Xilinx License Configuration Manager to check out a full ISim license.
WARNING: ISim will run in Lite mode. Please refer to the ISim documentation for more information on the differences between the Lite and the Full version.
This is a Lite version of ISim.
# run 1000 ns
Simulator is doing circuit initialization process.
Finished circuit initialization process.
ISim P.20131013 (signature 0x8ef4fb42)
WARNING: A WEBPACK license was found.
WARNING: Please use Xilinx License Configuration Manager to check out a full ISim license.
WARNING: ISim will run in Lite mode. Please refer to the ISim documentation for more information on the differences between the Lite and the Full version.
This is a Lite version of ISim.
# run 1000 ns
Simulator is doing circuit initialization process.
Finished circuit initialization process.
