#! c:/iverilog-x86/bin/vvp
:ivl_version "10.0 (stable)" "(v10_0)";
:ivl_delay_selection "TYPICAL";
:vpi_time_precision - 12;
:vpi_module "system";
:vpi_module "vhdl_sys";
:vpi_module "v2005_math";
:vpi_module "va_math";
S_00aa35f8 .scope module, "fsm" "fsm" 2 21;
 .timescale -9 -12;
    .port_info 0 /INPUT 1 "clk"
    .port_info 1 /INPUT 1 "reset"
    .port_info 2 /INPUT 1 "in"
    .port_info 3 /OUTPUT 1 "out"
L_00aae458 .functor BUFZ 1, v00aa36c8_0, C4<0>, C4<0>, C4<0>;
o009b1874 .functor BUFZ 1, C4<z>; HiZ drive
v00aa9668_0 .net "clk", 0 0, o009b1874;  0 drivers
o009b188c .functor BUFZ 1, C4<z>; HiZ drive
v00aa96c0_0 .net "in", 0 0, o009b188c;  0 drivers
v00aa36c8_0 .var "o", 0 0;
v00aa3720_0 .net "out", 0 0, L_00aae458;  1 drivers
o009b18d4 .functor BUFZ 1, C4<z>; HiZ drive
v00aa3778_0 .net "reset", 0 0, o009b18d4;  0 drivers
v00aae400_0 .var "str", 5 0;
E_00aa4570 .event posedge, v00aa3778_0, v00aa9668_0;
    .scope S_00aa35f8;
T_0 ;
    %pushi/vec4 0, 0, 1;
    %store/vec4 v00aa36c8_0, 0, 1;
    %pushi/vec4 0, 0, 6;
    %store/vec4 v00aae400_0, 0, 6;
    %end;
    .thread T_0;
    .scope S_00aa35f8;
T_1 ;
    %wait E_00aa4570;
    %load/vec4 v00aa3778_0;
    %pad/u 32;
    %cmpi/e 1, 0, 32;
    %jmp/0xz  T_1.0, 4;
    %pushi/vec4 0, 0, 1;
    %assign/vec4 v00aa36c8_0, 0;
    %pushi/vec4 0, 0, 6;
    %assign/vec4 v00aae400_0, 0;
    %jmp T_1.1;
T_1.0 ;
    %pushi/vec4 0, 0, 1;
    %assign/vec4 v00aa36c8_0, 0;
    %load/vec4 v00aae400_0;
    %ix/load 4, 1, 0;
    %flag_set/imm 4, 0;
    %shiftl 4;
    %load/vec4 v00aa96c0_0;
    %pad/u 6;
    %or;
    %store/vec4 v00aae400_0, 0, 6;
    %load/vec4 v00aae400_0;
    %cmpi/e 51, 0, 6;
    %jmp/0xz  T_1.2, 4;
    %pushi/vec4 1, 0, 1;
    %assign/vec4 v00aa36c8_0, 0;
T_1.2 ;
T_1.1 ;
    %jmp T_1;
    .thread T_1;
# The file index is used to find the file name in the following table.
:file_names 3;
    "N/A";
    "<interactive>";
    "fsm.v";
