Command line:
   tb_isim_beh.exe
     -simmode  gui
     -simrunnum  0
     -socket  60604

Sat Oct 08 11:12:29 2022


 Elaboration Time: 0.03125 sec

 Current Memory Usage: 842.932 Meg

 Total Signals          : 16
 Total Nets             : 16
 Total Signal Drivers   : 8
 Total Blocks           : 3
 Total Primitive Blocks : 2
 Total Processes        : 12
 Total Traceable Variables  : 22
 Total Scalar Nets and Variables : 131
Total Line Count : 40

 Total Simulation Time: 0.21875 sec

 Current Memory Usage: 371.335 Meg

Sat Oct 08 11:19:19 2022

