Command line:
   tb_isim_beh.exe
     -simmode  gui
     -simrunnum  0
     -socket  53947

Sun Oct 16 15:51:16 2022


 Elaboration Time: 0.03125 sec

 Current Memory Usage: 843.145 Meg

 Total Signals          : 20
 Total Nets             : 20
 Total Signal Drivers   : 10
 Total Blocks           : 3
 Total Primitive Blocks : 2
 Total Processes        : 15
 Total Traceable Variables  : 24
 Total Scalar Nets and Variables : 110
Total Line Count : 98

 Total Simulation Time: 0.03125 sec

 Current Memory Usage: 685.597 Meg

Sun Oct 16 15:52:53 2022

