Running: fuse.exe -relaunch -intstyle "ise" -incremental -lib "unisims_ver" -lib "unimacro_ver" -lib "xilinxcorelib_ver" -o "C:/Users/1/Desktop/CO/P1/NEW/FloatType/tb_isim_beh.exe" -prj "C:/Users/1/Desktop/CO/P1/NEW/FloatType/tb_beh.prj" "work.tb" "work.glbl" 
ISim P.20131013 (signature 0x8ef4fb42)
Number of CPUs detected in this system: 8
Turning on mult-threading, number of parallel sub-compilation jobs: 16 
Determining compilation order of HDL files
Analyzing Verilog file "C:/Users/1/Desktop/CO/P1/NEW/FloatType/FloatType.v" into library work
Analyzing Verilog file "C:/Users/1/Desktop/CO/P1/NEW/FloatType/tb.v" into library work
Analyzing Verilog file "C:/Xilinx/14.7/ISE_DS/ISE//verilog/src/glbl.v" into library work
Starting static elaboration
Completed static elaboration
Fuse Memory Usage: 160160 KB
Fuse CPU Usage: 108 ms
Compiling module FloatType
Compiling module tb
Compiling module glbl
Time Resolution for simulation is 1ps.
Waiting for 1 sub-compilation(s) to finish...
Compiled 3 Verilog Units
Built simulation executable C:/Users/1/Desktop/CO/P1/NEW/FloatType/tb_isim_beh.exe
Fuse Memory Usage: 165472 KB
Fuse CPU Usage: 139 ms
