ISim log file
Running: C:\Users\1\Desktop\CO\P1\NEW\FloatType\tb_isim_beh.exe -intstyle ise -gui -tclbatch isim.cmd -wdb C:/Users/1/Desktop/CO/P1/NEW/FloatType/tb_isim_beh.wdb 
ISim P.20131013 (signature 0x8ef4fb42)
WARNING: A WEBPACK license was found.
WARNING: Please use Xilinx License Configuration Manager to check out a full ISim license.
WARNING: ISim will run in Lite mode. Please refer to the ISim documentation for more information on the differences between the Lite and the Full version.
This is a Lite version of ISim.
Time resolution is 1 ps
# onerror resume
# wave add /
# run 1000 ns
Simulator is doing circuit initialization process.
Finished circuit initialization process.
ISim P.20131013 (signature 0x8ef4fb42)
WARNING: A WEBPACK license was found.
WARNING: Please use Xilinx License Configuration Manager to check out a full ISim license.
WARNING: ISim will run in Lite mode. Please refer to the ISim documentation for more information on the differences between the Lite and the Full version.
This is a Lite version of ISim.
# run 1000 ns
Simulator is doing circuit initialization process.
Finished circuit initialization process.
ISim P.20131013 (signature 0x8ef4fb42)
WARNING: A WEBPACK license was found.
WARNING: Please use Xilinx License Configuration Manager to check out a full ISim license.
WARNING: ISim will run in Lite mode. Please refer to the ISim documentation for more information on the differences between the Lite and the Full version.
This is a Lite version of ISim.
# run 1000 ns
Simulator is doing circuit initialization process.
Finished circuit initialization process.
# restart
# step
Simulator is doing circuit initialization process.
Stopped at time : 0 fs : File "C:/Users/1/Desktop/CO/P1/NEW/FloatType/FloatType.v" Line 31
# step
Stopped at time : 0 fs : File "C:/Users/1/Desktop/CO/P1/NEW/FloatType/FloatType.v" Line 48
# step
Stopped at time : 0 fs : File "C:/Xilinx/14.7/ISE_DS/ISE/verilog/src/glbl.v" Line 16
# step
Stopped at time : 0 fs : File "C:/Xilinx/14.7/ISE_DS/ISE/verilog/src/glbl.v" Line 48
# step
Stopped at time : 0 fs : File "C:/Xilinx/14.7/ISE_DS/ISE/verilog/src/glbl.v" Line 49
# step
Stopped at time : 0 fs : File "C:/Xilinx/14.7/ISE_DS/ISE/verilog/src/glbl.v" Line 50
# step
Stopped at time : 0 fs : File "C:/Users/1/Desktop/CO/P1/NEW/FloatType/tb.v" Line 39
# step
Stopped at time : 0 fs : File "C:/Users/1/Desktop/CO/P1/NEW/FloatType/tb.v" Line 41
# step
Stopped at time : 0 fs : File "C:/Xilinx/14.7/ISE_DS/ISE/verilog/src/glbl.v" Line 52
# step
Stopped at time : 0 fs : File "C:/Xilinx/14.7/ISE_DS/ISE/verilog/src/glbl.v" Line 53
# step
Stopped at time : 0 fs : File "C:/Xilinx/14.7/ISE_DS/ISE/verilog/src/glbl.v" Line 54
# step
Stopped at time : 0 fs : File "C:/Xilinx/14.7/ISE_DS/ISE/verilog/src/glbl.v" Line 55
# step
Stopped at time : 0 fs : File "C:/Xilinx/14.7/ISE_DS/ISE/verilog/src/glbl.v" Line 60
# step
Stopped at time : 0 fs : File "C:/Xilinx/14.7/ISE_DS/ISE/verilog/src/glbl.v" Line 61
# step
Stopped at time : 0 fs : File "C:/Xilinx/14.7/ISE_DS/ISE/verilog/src/glbl.v" Line 62
# step
Stopped at time : 0 fs : File "C:/Xilinx/14.7/ISE_DS/ISE/verilog/src/glbl.v" Line 16
# step
Stopped at time : 0 fs : File "C:/Xilinx/14.7/ISE_DS/ISE/verilog/src/glbl.v" Line 48
# step
Stopped at time : 0 fs : File "C:/Xilinx/14.7/ISE_DS/ISE/verilog/src/glbl.v" Line 50
# step
Stopped at time : 0 fs : File "C:/Xilinx/14.7/ISE_DS/ISE/verilog/src/glbl.v" Line 49
# step
Stopped at time : 0 fs : File "C:/Users/1/Desktop/CO/P1/NEW/FloatType/FloatType.v" Line 31
# step
Stopped at time : 0 fs : File "C:/Users/1/Desktop/CO/P1/NEW/FloatType/FloatType.v" Line 32
# step
Stopped at time : 0 fs : File "C:/Users/1/Desktop/CO/P1/NEW/FloatType/FloatType.v" Line 35
# step
Stopped at time : 0 fs : File "C:/Users/1/Desktop/CO/P1/NEW/FloatType/FloatType.v" Line 38
# step
Stopped at time : 0 fs : File "C:/Users/1/Desktop/CO/P1/NEW/FloatType/FloatType.v" Line 41
# step
Stopped at time : 0 fs : File "C:/Users/1/Desktop/CO/P1/NEW/FloatType/FloatType.v" Line 44
ISim P.20131013 (signature 0x8ef4fb42)
WARNING: A WEBPACK license was found.
WARNING: Please use Xilinx License Configuration Manager to check out a full ISim license.
WARNING: ISim will run in Lite mode. Please refer to the ISim documentation for more information on the differences between the Lite and the Full version.
This is a Lite version of ISim.
# run 1000 ns
Simulator is doing circuit initialization process.
Finished circuit initialization process.
