Command line:
   tb_isim_beh.exe
     -simmode  gui
     -simrunnum  0
     -socket  51857

Wed Oct 05 07:45:34 2022


 Elaboration Time: 0.09375 sec

 Current Memory Usage: 842.473 Meg

 Total Signals          : 18
 Total Nets             : 112
 Total Signal Drivers   : 9
 Total Blocks           : 3
 Total Primitive Blocks : 2
 Total Processes        : 11
 Total Traceable Variables  : 21
 Total Scalar Nets and Variables : 259
Total Line Count : 20

 Total Simulation Time: 0.09375 sec

 Current Memory Usage: 685.974 Meg

Wed Oct 05 07:47:07 2022

