Command line:
   tb_isim_beh.exe
     -simmode  gui
     -simrunnum  0
     -socket  55052

Sun Oct 16 18:14:46 2022


 Elaboration Time: 0.03125 sec

 Current Memory Usage: 843.207 Meg

 Total Signals          : 20
 Total Nets             : 64
 Total Signal Drivers   : 11
 Total Blocks           : 3
 Total Primitive Blocks : 2
 Total Processes        : 16
 Total Traceable Variables  : 28
 Total Scalar Nets and Variables : 292
Total Line Count : 54

 Total Simulation Time: 0.03125 sec

 Current Memory Usage: 843.207 Meg

Sun Oct 16 18:14:53 2022

